C:\Users\KevinsLaptop\Documents\Visual Studio 2010\Projects\Polygons and Clipping\Debug\Polygons and Clipping.pdb
C:\Users\KevinsLaptop\Documents\Visual Studio 2010\Projects\Polygons and Clipping\Polygons and Clipping\Debug\cl.command.1.tlog
C:\Users\KevinsLaptop\Documents\Visual Studio 2010\Projects\Polygons and Clipping\Polygons and Clipping\Debug\CL.read.1.tlog
C:\Users\KevinsLaptop\Documents\Visual Studio 2010\Projects\Polygons and Clipping\Polygons and Clipping\Debug\CL.write.1.tlog
C:\Users\KevinsLaptop\Documents\Visual Studio 2010\Projects\Polygons and Clipping\Polygons and Clipping\Debug\link.1044.read.1.tlog
C:\Users\KevinsLaptop\Documents\Visual Studio 2010\Projects\Polygons and Clipping\Polygons and Clipping\Debug\link.1044.write.1.tlog
C:\Users\KevinsLaptop\Documents\Visual Studio 2010\Projects\Polygons and Clipping\Polygons and Clipping\Debug\link.1044-cvtres.read.1.tlog
C:\Users\KevinsLaptop\Documents\Visual Studio 2010\Projects\Polygons and Clipping\Polygons and Clipping\Debug\link.1044-cvtres.write.1.tlog
C:\Users\KevinsLaptop\Documents\Visual Studio 2010\Projects\Polygons and Clipping\Polygons and Clipping\Debug\link.10628.read.1.tlog
C:\Users\KevinsLaptop\Documents\Visual Studio 2010\Projects\Polygons and Clipping\Polygons and Clipping\Debug\link.10628.write.1.tlog
C:\Users\KevinsLaptop\Documents\Visual Studio 2010\Projects\Polygons and Clipping\Polygons and Clipping\Debug\link.10628-cvtres.read.1.tlog
C:\Users\KevinsLaptop\Documents\Visual Studio 2010\Projects\Polygons and Clipping\Polygons and Clipping\Debug\link.10628-cvtres.write.1.tlog
C:\Users\KevinsLaptop\Documents\Visual Studio 2010\Projects\Polygons and Clipping\Polygons and Clipping\Debug\link.12048.read.1.tlog
C:\Users\KevinsLaptop\Documents\Visual Studio 2010\Projects\Polygons and Clipping\Polygons and Clipping\Debug\link.12048.write.1.tlog
C:\Users\KevinsLaptop\Documents\Visual Studio 2010\Projects\Polygons and Clipping\Polygons and Clipping\Debug\link.12048-cvtres.read.1.tlog
C:\Users\KevinsLaptop\Documents\Visual Studio 2010\Projects\Polygons and Clipping\Polygons and Clipping\Debug\link.12048-cvtres.write.1.tlog
C:\Users\KevinsLaptop\Documents\Visual Studio 2010\Projects\Polygons and Clipping\Polygons and Clipping\Debug\link.13244.read.1.tlog
C:\Users\KevinsLaptop\Documents\Visual Studio 2010\Projects\Polygons and Clipping\Polygons and Clipping\Debug\link.13244.write.1.tlog
C:\Users\KevinsLaptop\Documents\Visual Studio 2010\Projects\Polygons and Clipping\Polygons and Clipping\Debug\link.13244-cvtres.read.1.tlog
C:\Users\KevinsLaptop\Documents\Visual Studio 2010\Projects\Polygons and Clipping\Polygons and Clipping\Debug\link.13244-cvtres.write.1.tlog
C:\Users\KevinsLaptop\Documents\Visual Studio 2010\Projects\Polygons and Clipping\Polygons and Clipping\Debug\link.1996.read.1.tlog
C:\Users\KevinsLaptop\Documents\Visual Studio 2010\Projects\Polygons and Clipping\Polygons and Clipping\Debug\link.1996.write.1.tlog
C:\Users\KevinsLaptop\Documents\Visual Studio 2010\Projects\Polygons and Clipping\Polygons and Clipping\Debug\link.1996-cvtres.read.1.tlog
C:\Users\KevinsLaptop\Documents\Visual Studio 2010\Projects\Polygons and Clipping\Polygons and Clipping\Debug\link.1996-cvtres.write.1.tlog
C:\Users\KevinsLaptop\Documents\Visual Studio 2010\Projects\Polygons and Clipping\Polygons and Clipping\Debug\link.4308.read.1.tlog
C:\Users\KevinsLaptop\Documents\Visual Studio 2010\Projects\Polygons and Clipping\Polygons and Clipping\Debug\link.4308.write.1.tlog
C:\Users\KevinsLaptop\Documents\Visual Studio 2010\Projects\Polygons and Clipping\Polygons and Clipping\Debug\link.4308-cvtres.read.1.tlog
C:\Users\KevinsLaptop\Documents\Visual Studio 2010\Projects\Polygons and Clipping\Polygons and Clipping\Debug\link.4308-cvtres.write.1.tlog
C:\Users\KevinsLaptop\Documents\Visual Studio 2010\Projects\Polygons and Clipping\Polygons and Clipping\Debug\link.4712.read.1.tlog
C:\Users\KevinsLaptop\Documents\Visual Studio 2010\Projects\Polygons and Clipping\Polygons and Clipping\Debug\link.4712.write.1.tlog
C:\Users\KevinsLaptop\Documents\Visual Studio 2010\Projects\Polygons and Clipping\Polygons and Clipping\Debug\link.4712-cvtres.read.1.tlog
C:\Users\KevinsLaptop\Documents\Visual Studio 2010\Projects\Polygons and Clipping\Polygons and Clipping\Debug\link.4712-cvtres.write.1.tlog
C:\Users\KevinsLaptop\Documents\Visual Studio 2010\Projects\Polygons and Clipping\Polygons and Clipping\Debug\link.6888.read.1.tlog
C:\Users\KevinsLaptop\Documents\Visual Studio 2010\Projects\Polygons and Clipping\Polygons and Clipping\Debug\link.6888.write.1.tlog
C:\Users\KevinsLaptop\Documents\Visual Studio 2010\Projects\Polygons and Clipping\Polygons and Clipping\Debug\link.6888-cvtres.read.1.tlog
C:\Users\KevinsLaptop\Documents\Visual Studio 2010\Projects\Polygons and Clipping\Polygons and Clipping\Debug\link.6888-cvtres.write.1.tlog
C:\Users\KevinsLaptop\Documents\Visual Studio 2010\Projects\Polygons and Clipping\Polygons and Clipping\Debug\link.8556.read.1.tlog
C:\Users\KevinsLaptop\Documents\Visual Studio 2010\Projects\Polygons and Clipping\Polygons and Clipping\Debug\link.8556.write.1.tlog
C:\Users\KevinsLaptop\Documents\Visual Studio 2010\Projects\Polygons and Clipping\Polygons and Clipping\Debug\link.8556-cvtres.read.1.tlog
C:\Users\KevinsLaptop\Documents\Visual Studio 2010\Projects\Polygons and Clipping\Polygons and Clipping\Debug\link.8556-cvtres.write.1.tlog
C:\Users\KevinsLaptop\Documents\Visual Studio 2010\Projects\Polygons and Clipping\Polygons and Clipping\Debug\link.8620.read.1.tlog
C:\Users\KevinsLaptop\Documents\Visual Studio 2010\Projects\Polygons and Clipping\Polygons and Clipping\Debug\link.8620.write.1.tlog
C:\Users\KevinsLaptop\Documents\Visual Studio 2010\Projects\Polygons and Clipping\Polygons and Clipping\Debug\link.8620-cvtres.read.1.tlog
C:\Users\KevinsLaptop\Documents\Visual Studio 2010\Projects\Polygons and Clipping\Polygons and Clipping\Debug\link.8620-cvtres.write.1.tlog
C:\Users\KevinsLaptop\Documents\Visual Studio 2010\Projects\Polygons and Clipping\Polygons and Clipping\Debug\link.9004.read.1.tlog
C:\Users\KevinsLaptop\Documents\Visual Studio 2010\Projects\Polygons and Clipping\Polygons and Clipping\Debug\link.9004.write.1.tlog
C:\Users\KevinsLaptop\Documents\Visual Studio 2010\Projects\Polygons and Clipping\Polygons and Clipping\Debug\link.9004-cvtres.read.1.tlog
C:\Users\KevinsLaptop\Documents\Visual Studio 2010\Projects\Polygons and Clipping\Polygons and Clipping\Debug\link.9004-cvtres.write.1.tlog
C:\Users\KevinsLaptop\Documents\Visual Studio 2010\Projects\Polygons and Clipping\Polygons and Clipping\Debug\link.9844.read.1.tlog
C:\Users\KevinsLaptop\Documents\Visual Studio 2010\Projects\Polygons and Clipping\Polygons and Clipping\Debug\link.9844.write.1.tlog
C:\Users\KevinsLaptop\Documents\Visual Studio 2010\Projects\Polygons and Clipping\Polygons and Clipping\Debug\link.9844-cvtres.read.1.tlog
C:\Users\KevinsLaptop\Documents\Visual Studio 2010\Projects\Polygons and Clipping\Polygons and Clipping\Debug\link.9844-cvtres.write.1.tlog
C:\Users\KevinsLaptop\Documents\Visual Studio 2010\Projects\Polygons and Clipping\Polygons and Clipping\Debug\link.9932.read.1.tlog
C:\Users\KevinsLaptop\Documents\Visual Studio 2010\Projects\Polygons and Clipping\Polygons and Clipping\Debug\link.9932.write.1.tlog
C:\Users\KevinsLaptop\Documents\Visual Studio 2010\Projects\Polygons and Clipping\Polygons and Clipping\Debug\link.9932-cvtres.read.1.tlog
C:\Users\KevinsLaptop\Documents\Visual Studio 2010\Projects\Polygons and Clipping\Polygons and Clipping\Debug\link.9932-cvtres.write.1.tlog
C:\Users\KevinsLaptop\Documents\Visual Studio 2010\Projects\Polygons and Clipping\Polygons and Clipping\Debug\link.command.1.tlog
C:\Users\KevinsLaptop\Documents\Visual Studio 2010\Projects\Polygons and Clipping\Polygons and Clipping\Debug\link.read.1.tlog
C:\Users\KevinsLaptop\Documents\Visual Studio 2010\Projects\Polygons and Clipping\Polygons and Clipping\Debug\link.write.1.tlog
C:\Users\KevinsLaptop\Documents\Visual Studio 2010\Projects\Polygons and Clipping\Polygons and Clipping\Debug\link-cvtres.read.1.tlog
C:\Users\KevinsLaptop\Documents\Visual Studio 2010\Projects\Polygons and Clipping\Polygons and Clipping\Debug\link-cvtres.write.1.tlog
C:\USERS\KEVINSLAPTOP\DOCUMENTS\VISUAL STUDIO 2010\PROJECTS\POLYGONS AND CLIPPING\POLYGONS AND CLIPPING\DEBUG\MAIN.OBJ
C:\Users\KevinsLaptop\Documents\Visual Studio 2010\Projects\Polygons and Clipping\Polygons and Clipping\Debug\mt.command.1.tlog
C:\Users\KevinsLaptop\Documents\Visual Studio 2010\Projects\Polygons and Clipping\Polygons and Clipping\Debug\mt.read.1.tlog
C:\Users\KevinsLaptop\Documents\Visual Studio 2010\Projects\Polygons and Clipping\Polygons and Clipping\Debug\mt.write.1.tlog
C:\USERS\KEVINSLAPTOP\DOCUMENTS\VISUAL STUDIO 2010\PROJECTS\POLYGONS AND CLIPPING\POLYGONS AND CLIPPING\DEBUG\POLYGONS AND CLIPPING.EXE.EMBED.MANIFEST
C:\USERS\KEVINSLAPTOP\DOCUMENTS\VISUAL STUDIO 2010\PROJECTS\POLYGONS AND CLIPPING\POLYGONS AND CLIPPING\DEBUG\POLYGONS AND CLIPPING.EXE.EMBED.MANIFEST.RES
C:\Users\KevinsLaptop\Documents\Visual Studio 2010\Projects\Polygons and Clipping\Polygons and Clipping\Debug\Polygons and Clipping.exe.intermediate.manifest
C:\Users\KevinsLaptop\Documents\Visual Studio 2010\Projects\Polygons and Clipping\Polygons and Clipping\Debug\Polygons and Clipping_manifest.rc
C:\Users\KevinsLaptop\Documents\Visual Studio 2010\Projects\Polygons and Clipping\Polygons and Clipping\Debug\rc.command.1.tlog
C:\Users\KevinsLaptop\Documents\Visual Studio 2010\Projects\Polygons and Clipping\Polygons and Clipping\Debug\rc.read.1.tlog
C:\Users\KevinsLaptop\Documents\Visual Studio 2010\Projects\Polygons and Clipping\Polygons and Clipping\Debug\rc.write.1.tlog
C:\USERS\KEVINSLAPTOP\DOCUMENTS\VISUAL STUDIO 2010\PROJECTS\POLYGONS AND CLIPPING\POLYGONS AND CLIPPING\DEBUG\SKELETON.OBJ
C:\Users\KevinsLaptop\Documents\Visual Studio 2010\Projects\Polygons and Clipping\Polygons and Clipping\Debug\vc100.idb
C:\USERS\KEVINSLAPTOP\DOCUMENTS\VISUAL STUDIO 2010\PROJECTS\POLYGONS AND CLIPPING\POLYGONS AND CLIPPING\DEBUG\VC100.PDB
