Build started 2/17/2012 2:24:24 PM.
     1>Project "C:\Users\KevinsLaptop\Documents\Visual Studio 2010\Projects\Polygons and Clipping\Polygons and Clipping\Polygons and Clipping.vcxproj" on node 2 (build target(s)).
     1>InitializeBuildStatus:
         Creating "Release\Polygons and Clipping.unsuccessfulbuild" because "AlwaysCreate" was specified.
       ClCompile:
         c:\Program Files (x86)\Microsoft Visual Studio 10.0\VC\bin\CL.exe /c /Zi /nologo /W3 /WX- /O2 /Oi /Oy- /GL /D WIN32 /D NDEBUG /D _CONSOLE /D _UNICODE /D UNICODE /Gm- /EHsc /MD /GS /Gy /fp:precise /Zc:wchar_t /Zc:forScope /Fo"Release\\" /Fd"Release\vc100.pdb" /Gd /TP /analyze- /errorReport:prompt Main.cpp
         Main.cpp
     1>c:\users\kevinslaptop\documents\visual studio 2010\projects\polygons and clipping\polygons and clipping\Polygon.h(42): warning C4018: '<' : signed/unsigned mismatch
     1>c:\users\kevinslaptop\documents\visual studio 2010\projects\polygons and clipping\polygons and clipping\Polygon.h(50): warning C4018: '<' : signed/unsigned mismatch
     1>c:\users\kevinslaptop\documents\visual studio 2010\projects\polygons and clipping\polygons and clipping\Polygon.h(57): warning C4018: '<' : signed/unsigned mismatch
     1>c:\users\kevinslaptop\documents\visual studio 2010\projects\polygons and clipping\polygons and clipping\Polygon.h(64): warning C4018: '<' : signed/unsigned mismatch
     1>c:\users\kevinslaptop\documents\visual studio 2010\projects\polygons and clipping\polygons and clipping\Polygon.h(76): warning C4018: '<' : signed/unsigned mismatch
     1>c:\users\kevinslaptop\documents\visual studio 2010\projects\polygons and clipping\polygons and clipping\Table.h(26): warning C4018: '>' : signed/unsigned mismatch
     1>c:\users\kevinslaptop\documents\visual studio 2010\projects\polygons and clipping\polygons and clipping\Table.h(34): warning C4018: '>' : signed/unsigned mismatch
     1>c:\users\kevinslaptop\documents\visual studio 2010\projects\polygons and clipping\polygons and clipping\Table.h(43): warning C4018: '>' : signed/unsigned mismatch
     1>Main.cpp(202): warning C4018: '<' : signed/unsigned mismatch
     1>Main.cpp(315): warning C4018: '<' : signed/unsigned mismatch
     1>Main.cpp(449): warning C4018: '<' : signed/unsigned mismatch
     1>Main.cpp(489): warning C4018: '<' : signed/unsigned mismatch
       Link:
         c:\Program Files (x86)\Microsoft Visual Studio 10.0\VC\bin\link.exe /ERRORREPORT:PROMPT /OUT:"C:\Users\KevinsLaptop\Documents\Visual Studio 2010\Projects\Polygons and Clipping\Release\Polygons and Clipping.exe" /INCREMENTAL:NO /NOLOGO kernel32.lib user32.lib gdi32.lib winspool.lib comdlg32.lib advapi32.lib shell32.lib ole32.lib oleaut32.lib uuid.lib odbc32.lib odbccp32.lib /MANIFEST /ManifestFile:"Release\Polygons and Clipping.exe.intermediate.manifest" /MANIFESTUAC:"level='asInvoker' uiAccess='false'" /DEBUG /PDB:"C:\Users\KevinsLaptop\Documents\Visual Studio 2010\Projects\Polygons and Clipping\Release\Polygons and Clipping.pdb" /SUBSYSTEM:CONSOLE /OPT:REF /OPT:ICF /LTCG /TLBID:1 /DYNAMICBASE /NXCOMPAT /IMPLIB:"C:\Users\KevinsLaptop\Documents\Visual Studio 2010\Projects\Polygons and Clipping\Release\Polygons and Clipping.lib" /MACHINE:X86 Release\Main.obj
         Generating code
     1>c:\users\kevinslaptop\documents\visual studio 2010\projects\polygons and clipping\polygons and clipping\polygon.h(86): warning C4715: 'CPolygon::edges' : not all control paths return a value
         Finished generating code
         Polygons and Clipping.vcxproj -> C:\Users\KevinsLaptop\Documents\Visual Studio 2010\Projects\Polygons and Clipping\Release\Polygons and Clipping.exe
       Manifest:
         C:\Program Files (x86)\Microsoft SDKs\Windows\v7.0A\bin\mt.exe /nologo /verbose /outputresource:"C:\Users\KevinsLaptop\Documents\Visual Studio 2010\Projects\Polygons and Clipping\Release\Polygons and Clipping.exe;#1" /manifest "Release\Polygons and Clipping.exe.intermediate.manifest"
       FinalizeBuildStatus:
         Deleting file "Release\Polygons and Clipping.unsuccessfulbuild".
         Touching "Release\Polygons and Clipping.lastbuildstate".
     1>Done Building Project "C:\Users\KevinsLaptop\Documents\Visual Studio 2010\Projects\Polygons and Clipping\Polygons and Clipping\Polygons and Clipping.vcxproj" (build target(s)).

Build succeeded.

Time Elapsed 00:00:27.65
